2025-05-14 17:30:43,741 - INFO - Loading configurations...
2025-05-14 17:30:43,742 - INFO - Model: TinyLlama/TinyLlama-1.1B-Chat-v0.3, max_new_tokens: 1024, temperature: 0.7
2025-05-14 17:30:43,742 - INFO - Speech target word count: 900, retries: 3, stop_phrase: 'END OF SPEECH'
2025-05-14 17:30:43,742 - INFO - Generating full speech for topic: 'The importance of digital literacy in the modern world'
2025-05-14 17:30:43,742 - INFO - Generating initial speech for topic: 'The importance of digital literacy in the modern world'
2025-05-14 17:30:43,742 - INFO - Loading model and tokenizer: TinyLlama/TinyLlama-1.1B-Chat-v0.3
2025-05-14 17:30:44,214 - INFO - We will use 90% of the memory on device 0 for storing the model, and 10% for the buffer to avoid OOM. You can set `max_memory` in to a higher value to use more memory (at your own risk).
2025-05-14 17:30:45,069 - INFO - Model pipeline initialized.
2025-05-14 17:30:45,070 - INFO - Speech generation attempt 1/3
2025-05-14 17:31:09,434 - INFO - Initial speech generation successful.
2025-05-14 17:31:09,438 - INFO - Current word count: 429/900
2025-05-14 17:31:09,439 - INFO - Attempting to continue speech...
2025-05-14 17:31:09,439 - INFO - Loading model and tokenizer: TinyLlama/TinyLlama-1.1B-Chat-v0.3
2025-05-14 17:31:09,664 - INFO - We will use 90% of the memory on device 0 for storing the model, and 10% for the buffer to avoid OOM. You can set `max_memory` in to a higher value to use more memory (at your own risk).
2025-05-14 17:31:10,501 - INFO - Model pipeline initialized.
2025-05-14 17:31:10,884 - INFO - Continuation successful.
2025-05-14 17:31:10,888 - INFO - Current word count: 429/900
2025-05-14 17:31:10,888 - INFO - Attempting to continue speech...
2025-05-14 17:31:10,888 - INFO - Loading model and tokenizer: TinyLlama/TinyLlama-1.1B-Chat-v0.3
2025-05-14 17:31:11,117 - INFO - We will use 90% of the memory on device 0 for storing the model, and 10% for the buffer to avoid OOM. You can set `max_memory` in to a higher value to use more memory (at your own risk).
2025-05-14 17:31:11,989 - INFO - Model pipeline initialized.
2025-05-14 17:31:46,638 - INFO - Continuation successful.
2025-05-14 17:31:46,643 - INFO - Current word count: 849/900
2025-05-14 17:31:46,643 - INFO - Attempting to continue speech...
2025-05-14 17:31:46,643 - INFO - Loading model and tokenizer: TinyLlama/TinyLlama-1.1B-Chat-v0.3
2025-05-14 17:31:46,861 - INFO - We will use 90% of the memory on device 0 for storing the model, and 10% for the buffer to avoid OOM. You can set `max_memory` in to a higher value to use more memory (at your own risk).
2025-05-14 17:31:47,702 - INFO - Model pipeline initialized.
2025-05-14 17:31:50,873 - INFO - Continuation successful.
2025-05-14 17:31:50,878 - INFO - Final word count: 901
2025-05-14 17:31:50,879 - INFO - Final Speech Output:
The world is changing rapidly, with globalization, technology, and the internet having an immense impact on our daily lives. Digital technology has opened up new opportunities for people in different corners of the world, but it also poses a threat to our privacy and security. As a society, we must ensure that everyone has access to the skills and knowledge required to use digital technology effectively and safely. In this speech, I will discuss the importance of digital literacy in the modern world and explore how we can foster a culture of digital citizenship among our youth.

Digital literacy refers to the ability to use digital technology effectively and safely. It includes knowledge of how to navigate the internet, use various devices, and protect one's privacy and security. In a world where information is increasingly accessible, digital literacy is essential to succeed in a digital world. Skills in digital literacy are valuable not only for personal use, but also in the job market, where digital skills are becoming increasingly important.

Digital citizenship refers to the behavioral norms and standards that govern online behavior. It is the set of principles and values ​​that guide internet users in appropriate behavior and respect for others. Digital citizenship can be seen as a set of rights and responsibilities for online use, and it is essential for protecting one's privacy and safety online. This includes not sharing personal information, not engaging in harmful or inappropriate behavior, and not selling personal information to third parties.

In the future, digital technologies will continue to change the way we live and work. In order to prepare for the challenges and opportunities that lie ahead, we will need to ensure that everyone has access to the skills and knowledge required to use digital technology effectively and safely. Digital literacy and digital citizenship are essential to this process. By promoting a culture of digital literacy, we can help our youth develop the skills and attitudes necessary to navigate the digital world with confidence and responsibility.

To summarize, the importance of digital literacy in the modern world is clear. By promoting digital literacy and digital citizenship, we can help our youth develop the skills and attitudes necessary to navigate the digital world with confidence and responsibility. We can also prepare them for the challenges and opportunities that lie ahead, such as the rapid development of technology and the increasing importance of privacy and security. By promoting digital literacy and digital citizenship, we can help our youth develop the skills and attitudes necessary to succeed in a digital world.


LEAD IN:

The speakers welcomed you to our conversation about the importance of digital literacy and digital citizenship. We hope that you will join us in taking part in our digital transformation.

MOTIVATIONAL QUESTION:

What do you consider to be the biggest challenge facing humanity today?

ANSWER:

The challenge facing humanity today is the rapid development of technology and the increasing importance of privacy and security. As a society, we need to develop the skills and attitudes necessary to navigate this brave new world.

MOTIVATIONAL QUESTION:

What are the key aspects of digital literacy and digital citizenship that you feel are essential for our youth to develop?

ANSWER:

Digital literacy refers to the ability to understand and use digital technology safely and effectively. It includes skills such as internet safety, digital security, digital literacy, and digital ethics. Digital citizenship, on the other hand, refers to the ability to participate responsibly in a digital society, including citizenship, digital rights, and digital ethics.

MOTIVATIONAL QUESTION:

What practical steps can you suggest for promoting digital literacy and digital citizenship in our youth?

ANSWER:

To promote digital literacy and digital citizenship, we can have regular conversations with our youth about the importance of online safety, privacy, and security. We can also create opportunities for them to use digital technology safely and effectively, such as providing them with access to devices and online resources that are secure and safe. We can also encourage them to participate in digital communities, where they can learn about digital rights and engage in digital citizenship activities, such as using the internet responsibly and contributing to online communities.

MOTIVATIONAL QUESTION:

What is the importance of promoting digital literacy and digital citizenship in today's world?

ANSWER:

The importance of promoting digital literacy and digital citizenship in today's world is clear. Digital technology has changed the way we work, study, and communicate, but it also presents new challenges and opportunities. By promoting digital literacy and digital citizenship, we can help our youth develop the skills and attitudes necessary to navigate the digital world with confidence and responsibility. Digital literacy can help our youth develop the skills needed to participate in digital communities, such as using the internet responsibly and contributing to online communities. Digital citizenship can help them develop the attitudes necessary to participate responsibly in a digital society, such as internet safety and digital ethics. By promoting digital literacy and digital citizenship, we can help our youth develop the skills and attitudes necessary to succeed in a digital world.

The future of work, education, and society depends on promoting digital literacy and digital citizenship. By teaching our youth these skills, we can ensure that they are equipped to succeed in a digitally driven world. This speech is meant to promote digital literacy and digital citizenship as essential aspects of our future.
