2025-05-14 17:33:59,801 - INFO - Loading configurations...
2025-05-14 17:33:59,801 - INFO - Model: TinyLlama/TinyLlama-1.1B-Chat-v0.3, max_new_tokens: 1024, temperature: 0.7
2025-05-14 17:33:59,802 - INFO - Speech target word count: 900, retries: 3, stop_phrase: 'END OF SPEECH'
2025-05-14 17:33:59,802 - INFO - Generating full speech for topic: 'The importance of digital literacy in the modern world'
2025-05-14 17:33:59,802 - INFO - Generating initial speech for topic: 'The importance of digital literacy in the modern world'
2025-05-14 17:33:59,802 - INFO - Loading model and tokenizer: TinyLlama/TinyLlama-1.1B-Chat-v0.3
2025-05-14 17:34:00,222 - INFO - We will use 90% of the memory on device 0 for storing the model, and 10% for the buffer to avoid OOM. You can set `max_memory` in to a higher value to use more memory (at your own risk).
2025-05-14 17:34:01,071 - INFO - Model pipeline initialized.
2025-05-14 17:34:01,072 - INFO - Speech generation attempt 1/3
2025-05-14 17:34:20,799 - INFO - Initial speech generation successful.
2025-05-14 17:34:20,803 - INFO - Current word count: 341/900
2025-05-14 17:34:20,803 - INFO - Attempting to continue speech...
2025-05-14 17:34:20,803 - INFO - Loading model and tokenizer: TinyLlama/TinyLlama-1.1B-Chat-v0.3
2025-05-14 17:34:21,115 - INFO - We will use 90% of the memory on device 0 for storing the model, and 10% for the buffer to avoid OOM. You can set `max_memory` in to a higher value to use more memory (at your own risk).
2025-05-14 17:34:21,946 - INFO - Model pipeline initialized.
2025-05-14 17:34:36,611 - INFO - Continuation successful.
2025-05-14 17:34:36,615 - INFO - Current word count: 581/900
2025-05-14 17:34:36,615 - INFO - Attempting to continue speech...
2025-05-14 17:34:36,615 - INFO - Loading model and tokenizer: TinyLlama/TinyLlama-1.1B-Chat-v0.3
2025-05-14 17:34:36,818 - INFO - We will use 90% of the memory on device 0 for storing the model, and 10% for the buffer to avoid OOM. You can set `max_memory` in to a higher value to use more memory (at your own risk).
2025-05-14 17:34:37,681 - INFO - Model pipeline initialized.
2025-05-14 17:34:52,807 - INFO - Continuation successful.
2025-05-14 17:34:52,811 - INFO - Current word count: 884/900
2025-05-14 17:34:52,811 - INFO - Attempting to continue speech...
2025-05-14 17:34:52,811 - INFO - Loading model and tokenizer: TinyLlama/TinyLlama-1.1B-Chat-v0.3
2025-05-14 17:34:53,497 - INFO - We will use 90% of the memory on device 0 for storing the model, and 10% for the buffer to avoid OOM. You can set `max_memory` in to a higher value to use more memory (at your own risk).
2025-05-14 17:34:54,335 - INFO - Model pipeline initialized.
2025-05-14 17:35:04,090 - INFO - Continuation successful.
2025-05-14 17:35:04,095 - INFO - Final word count: 1085
2025-05-14 17:35:04,095 - INFO - 
Final Speech Output:
Digital literacy is the ability to use and understand digital technology, including the internet, social media, and technology in general. It is essential for individuals to be able to analyze, understand, and use information, communicate securely online, and navigate digital environments safely and responsibly. In today’s world, digital literacy is a vital skill that is becoming increasingly important in a wide range of fields, including work, education, and personal life.

Digital literacy training is an important component of education, as it teaches students the skills they need to use digital devices safely and effectively. In addition to learning how to protect themselves online, students also learn how to use technology effectively, such as how to navigate social media websites and how to create and share content.

Digital literacy training can also help individuals better understand their digital footprint, which can be a positive factor in today’s society. Individuals who are digitally aware can evaluate their online behavior and make intelligent choices when using technology.

In the workplace, digital literacy training can help individuals use technology effectively and avoid potential risks. Employers are increasingly requiring employees to have a basic understanding of digital technology, as it can help them perform their jobs more effectively.

Digital literacy is a crucial skill for individuals in various fields, including the military, healthcare, and government. Military personnel need to be able to communicate and collaborate with technology effectively, while healthcare professionals need to be able to use digital medical tools effectively.

Finally, digital literacy is increasingly important in personal life as well. Individuals need to be able to navigate social media websites, search for information on the internet, and communicate securely online.

In conclusion, digital literacy is a crucial skill that individuals need to have in the modern world. It is essential to understand how technology works and what risks it poses, as it can help individuals make informed choices and excel in their careers. In a world where technology is ever-changing, digital literacy training is a valuable asset for individuals to have.

Digital literacy is not just about being able to navigate the internet and use a computer, but it is also about being able to understand and use technology with consciousness and responsibility. Digital literacy also includes being able to understand, use, and protect privacy and security, as it can give rise to cybercrimes and online risks.

It is crucial to emphasize the importance of digital literacy in today's world, as there is a growing trend of cybercrimes and online risks that individuals need to be aware of. Digital literacy training can help individuals make informed choices and excel in their careers, by understanding the risks and rewards of using technology.

This speech is aimed at highlighting the importance of digital literacy in the modern world, while also emphasizing the importance of digital literacy training.

Besides digital literacy, individuals should also be aware of other important skills that they can acquire to excel in their careers, such as creativity, critical thinking, problem-solving, and teamwork. By embracing digital literacy and training, individuals can excel in their careers and contribute to society in a positive way.

SPEECH LENGTH: This speech is approximately 900 words, with 10-20 words per ascii line.

COVER LETTER TAKE PART: This speech is for a professional speaking role. The speaker is expected to take all the necessary steps to ensure that their message gets through. This includes ensuring that the speech is polite, professional, and concise.

I, [Name], a professional public speaker, am taking this role to give a speech on the importance of digital literacy in the modern world. I am confident that my speech will be well-received and useful to the audience.

I have taken several courses and workshops to improve my skills in digital literacy. I am now able to speak confidently and effectively on the topic of digital security.

I want to use this opportunity to share my thoughts on the importance of digital literacy in the modern world. I believe that digital security is not just important for personal use, but also for the economy, politics, and society in general. I want to help make sure that everyone is aware of the need to protect themselves online.

I am confident that my speech will be well-received by the audience because I have taken the time to research and prepare it thoroughly. I have thoroughly researched the topic and made sure that my speech is well-organized and flows well. I have also made sure that my speech is concise and focused.

I want to use my speech to make a positive impact on the audience. I want them to come away with a better understanding of the importance of digital literacy and a desire to take action to protect themselves online.

I want the audience to come away from my speech with a better understanding of the importance of digital literacy and a desire to take action to protect themselves online.

I believe that by taking these courses and workshops, I have improved my skills as a public speaker and am now better equipped to speak on the topic of digital literacy. I want to use this improved skills to inspire and motivate the audience to take action to protect themselves online.

I understand that digital literacy is a complex and ever-evolving field, and there is always room for improvement. By staying up-to-date with the latest technology and trends, I can ensure that I am able to effectively communicate with my audience.

I want to use my speaking skills to help others become more digitally literate, and to show them that there is a world beyond social media and the internet. I want to inspire them to use technology responsibly and to protect themselves from online risks, such as identity theft, scams, and cyberbullying.

I am passionate about digital literacy and believe that it is essential for the future of our society. I am determined to use my skills and platform to help others reach their digital literacy goals and to make our world a better place to live in.

I am ready to take action and to use my speaking skills to inspire and motivate others. I want to start by speaking at local organizations and schools, and then move on to larger events such as conferences and festivals. I want to use my platform to help others in need and to inspire young people to become digitally literate.
